<?xml version="1.0" encoding="UTF-8"?>
<!-- Generated by org.testng.reporters.JUnitReportReporter -->
<testsuite hostname="DESKTOP-JKGAKVK" name="com.test.video.startRecording" tests="1" failures="0" timestamp="17 Oct 2018 13:49:07 GMT" time="17.335" errors="0">
  <testcase name="Start1" time="17.335" classname="com.test.video.startRecording"/>
</testsuite> <!-- com.test.video.startRecording -->
